<?xml version="1.0" encoding="UTF-8"?>
<!-- Generated by org.testng.reporters.JUnitReportReporter -->
<testsuite skipped="0" hostname="NARSIMHA-PC" name="Testng.TC1" tests="1" failures="0" timestamp="18 Aug 2018 14:26:28 GMT" time="13.794" errors="0">
  <testcase name="firstTC" time="13.794" classname="Testng.TC1"/>
</testsuite> <!-- Testng.TC1 -->
