<?xml version="1.0" encoding="UTF-8"?>
<!-- Generated by org.testng.reporters.JUnitReportReporter -->
<testsuite skipped="0" hostname="NARSIMHA-PC" name="testng.Forparameter" tests="1" failures="0" timestamp="25 Jul 2018 11:09:32 GMT" time="5.318" errors="0">
  <testcase name="launchbrowser" time="5.318" classname="testng.Forparameter"/>
</testsuite> <!-- testng.Forparameter -->
