<?xml version="1.0" encoding="UTF-8"?>
<!-- Generated by org.testng.reporters.JUnitReportReporter -->
<testsuite skipped="0" hostname="NARSIMHA-PC" name="testng.testng1$TC1" tests="5" failures="0" timestamp="25 Jul 2018 10:31:26 GMT" time="0.025" errors="0">
  <testcase name="returntravel" time="0.015" classname="testng.testng1$TC1"/>
  <testcase name="launchtravel" time="0.003" classname="testng.testng1$TC1"/>
  <testcase name="m1" time="0.004" classname="testng.testng1$TC1"/>
  <testcase name="m3" time="0.002" classname="testng.testng1$TC1"/>
  <testcase name="m2" time="0.001" classname="testng.testng1$TC1"/>
</testsuite> <!-- testng.testng1$TC1 -->
