<?xml version="1.0" encoding="UTF-8"?>
<!-- Generated by org.testng.reporters.JUnitReportReporter -->
<testsuite skipped="0" hostname="NARSIMHA-PC" name="testng.testng2$TC2" tests="4" failures="0" timestamp="25 Jul 2018 10:32:15 GMT" time="0.021" errors="0">
  <testcase name="password" time="0.003" classname="testng.testng2$TC2"/>
  <testcase name="login" time="0.003" classname="testng.testng2$TC2"/>
  <testcase name="homepage" time="0.011" classname="testng.testng2$TC2"/>
  <testcase name="wrongdetails" time="0.004" classname="testng.testng2$TC2"/>
</testsuite> <!-- testng.testng2$TC2 -->
